[info] 1651 ảnh, 1649 cần xử lý (force tier=B cho mọi ảnh). pred_dir=C:\Projects\ComputerVision\RnD_pipeline\eval\predictions\end2end
[1/1649] book_en_5.Advanced.Modern.Algebra.-.J.Rotman.2003_page_572.p 67.5s, 11167 chars | avg 67.5s eta 1855.4m
[2/1649] book_en_5.Advanced.Modern.Algebra.-.J.Rotman.2003_page_887.p 16.5s, 2685 chars | avg 42.0s eta 1153.3m
[3/1649] book_en_6.Complex.Analysis.-.Elias.M..Stein_page_051.png     6.7s, 1887 chars | avg 30.2s eta 829.5m
[4/1649] book_en_6.Complex.Analysis.-.Elias.M..Stein_page_205.png     13.6s, 2105 chars | avg 26.1s eta 715.0m
[5/1649] book_en_[搬书匠#20][HTML5 Canvas].2011.英文版_page_208.png         5.7s, 1141 chars | avg 22.0s eta 602.7m
[6/1649] book_en_[搬书匠#375][High Performance MySQL 3rd Edition].2012.英 6.9s, 1787 chars | avg 19.5s eta 533.3m
[7/1649] book_en_[搬书匠#893][Pyomo—Optimization Modeling in Python].201 8.3s, 1455 chars | avg 17.9s eta 489.4m
[8/1649] book_en_[搬书匠#893][Pyomo—Optimization Modeling in Python].201 5.4s, 1762 chars | avg 16.3s eta 446.3m
[9/1649] book_en_A.Concise.Introduction.to.Linear.Algebra,.Geza.Schay 11.0s, 1339 chars | avg 15.7s eta 429.8m
[10/1649] book_en_A.Concise.Introduction.to.Linear.Algebra,.Geza.Schay 11.1s, 1842 chars | avg 15.3s eta 416.8m
[11/1649] book_en_A.Course.in.Abstract.Harmonic.Analysis.-.Gerald.B.Fo 65.5s, 8900 chars | avg 19.8s eta 541.4m
[12/1649] book_en_国外数学教材-An Excursion through Elementary Mathematics（初 14.0s, 2854 chars | avg 19.3s eta 527.9m
[13/1649] book_en_国外数学教材-An Excursion through Elementary Mathematics（初 11.4s, 1490 chars | avg 18.7s eta 511.0m
[14/1649] book_en_国外数学教材-An Excursion through Elementary Mathematics（初 12.3s, 1533 chars | avg 18.3s eta 498.0m
[15/1649] book_en_国外数学教材-An Excursion through Elementary Mathematics（初 17.3s, 2811 chars | avg 18.2s eta 496.0m
[16/1649] book_en_国外数学教材-An Excursion through Elementary Mathematics（初 12.2s, 2659 chars | avg 17.8s eta 485.4m
[17/1649] book_en_国外数学教材-An Excursion through Elementary Mathematics（初 11.3s, 1455 chars | avg 17.5s eta 474.6m
[18/1649] book_en_国外数学教材-An Excursion through Elementary Mathematics（初 6.8s, 972 chars | avg 16.9s eta 458.3m
[19/1649] book_en_国外数学教材-An Excursion through Elementary Mathematics（初 65.5s, 9858 chars | avg 19.4s eta 527.6m
[20/1649] book_en_国外数学教材-数论-Melvyn B. Nathanson—Elementary Methods in  12.2s, 3105 chars | avg 19.1s eta 517.4m
[21/1649] book_en_国外数学教材-数论-Melvyn B. Nathanson—Elementary Methods in  5.1s, 1095 chars | avg 18.4s eta 499.1m
[22/1649] book_en_国外数学教材-数论-Melvyn B. Nathanson—Elementary Methods in  10.1s, 1729 chars | avg 18.0s eta 488.5m
[23/1649] book_en_国外数学教材-数论-Melvyn B. Nathanson—Elementary Methods in  3.6s, 450 chars | avg 17.4s eta 471.2m
[24/1649] book_en_国外数学教材-数论-Melvyn B. Nathanson—Elementary Methods in  10.5s, 2003 chars | avg 17.1s eta 463.1m
[25/1649] book_en_国外数学教材-数论-Melvyn B. Nathanson—Elementary Methods in  10.2s, 1515 chars | avg 16.8s eta 455.3m
[26/1649] book_en_国外数学教材-数论-Melvyn B. Nathanson—Elementary Methods in  8.7s, 1382 chars | avg 16.5s eta 446.6m
[27/1649] book_en_国外数学教材-数论-Melvyn B. Nathanson—Elementary Methods in  10.8s, 1657 chars | avg 16.3s eta 440.6m
